{"C:\\Projects\\ReactRS\\src\\App.css": {"path":"C:\\Projects\\ReactRS\\src\\App.css","statementMap":{},"fnMap":{},"branchMap":{},"s":{},"f":{},"b":{},"meta":{"lastBranch":0,"lastFunction":0,"lastStatement":0,"seen":{}}}
,"C:\\Projects\\ReactRS\\src\\App.tsx": {"path":"C:\\Projects\\ReactRS\\src\\App.tsx","statementMap":{"0":{"start":{"line":12,"column":20},"end":{"line":12,"column":null}},"1":{"start":{"line":48,"column":18},"end":{"line":59,"column":null}},"2":{"start":{"line":61,"column":17},"end":{"line":65,"column":null}},"3":{"start":{"line":23,"column":4},"end":{"line":23,"column":null}},"4":{"start":{"line":24,"column":18},"end":{"line":24,"column":null}},"5":{"start":{"line":25,"column":4},"end":{"line":30,"column":null}},"6":{"start":{"line":34,"column":4},"end":{"line":34,"column":null}},"7":{"start":{"line":35,"column":4},"end":{"line":35,"column":null}},"8":{"start":{"line":39,"column":4},"end":{"line":41,"column":null}},"9":{"start":{"line":40,"column":6},"end":{"line":40,"column":null}},"10":{"start":{"line":45,"column":4},"end":{"line":45,"column":null}},"11":{"start":{"line":49,"column":4},"end":{"line":49,"column":null}},"12":{"start":{"line":50,"column":4},"end":{"line":58,"column":null}},"13":{"start":{"line":51,"column":23},"end":{"line":53,"column":null}},"14":{"start":{"line":54,"column":6},"end":{"line":54,"column":null}},"15":{"start":{"line":56,"column":22},"end":{"line":56,"column":null}},"16":{"start":{"line":57,"column":6},"end":{"line":57,"column":null}},"17":{"start":{"line":62,"column":4},"end":{"line":62,"column":null}},"18":{"start":{"line":63,"column":4},"end":{"line":63,"column":null}},"19":{"start":{"line":64,"column":4},"end":{"line":64,"column":null}},"20":{"start":{"line":68,"column":53},"end":{"line":68,"column":null}},"21":{"start":{"line":69,"column":4},"end":{"line":83,"column":null}}},"fnMap":{"0":{"name":"(anonymous_0)","decl":{"start":{"line":22,"column":2},"end":{"line":22,"column":14}},"loc":{"start":{"line":22,"column":25},"end":{"line":31,"column":null}},"line":22},"1":{"name":"(anonymous_1)","decl":{"start":{"line":33,"column":2},"end":{"line":33,"column":22}},"loc":{"start":{"line":33,"column":22},"end":{"line":36,"column":null}},"line":33},"2":{"name":"(anonymous_2)","decl":{"start":{"line":38,"column":2},"end":{"line":38,"column":21}},"loc":{"start":{"line":38,"column":55},"end":{"line":42,"column":null}},"line":38},"3":{"name":"(anonymous_3)","decl":{"start":{"line":44,"column":2},"end":{"line":44,"column":25}},"loc":{"start":{"line":44,"column":25},"end":{"line":46,"column":null}},"line":44},"4":{"name":"(anonymous_4)","decl":{"start":{"line":48,"column":18},"end":{"line":48,"column":25}},"loc":{"start":{"line":48,"column":42},"end":{"line":59,"column":null}},"line":48},"5":{"name":"(anonymous_5)","decl":{"start":{"line":61,"column":17},"end":{"line":61,"column":18}},"loc":{"start":{"line":61,"column":35},"end":{"line":65,"column":null}},"line":61},"6":{"name":"(anonymous_6)","decl":{"start":{"line":67,"column":2},"end":{"line":67,"column":11}},"loc":{"start":{"line":67,"column":11},"end":{"line":85,"column":null}},"line":67}},"branchMap":{"0":{"loc":{"start":{"line":24,"column":18},"end":{"line":24,"column":null}},"type":"binary-expr","locations":[{"start":{"line":24,"column":18},"end":{"line":24,"column":55}},{"start":{"line":24,"column":55},"end":{"line":24,"column":null}}],"line":24},"1":{"loc":{"start":{"line":39,"column":4},"end":{"line":41,"column":null}},"type":"if","locations":[{"start":{"line":39,"column":4},"end":{"line":41,"column":null}},{"start":{},"end":{}}],"line":39},"2":{"loc":{"start":{"line":51,"column":23},"end":{"line":53,"column":null}},"type":"cond-expr","locations":[{"start":{"line":52,"column":10},"end":{"line":52,"column":null}},{"start":{"line":53,"column":10},"end":{"line":53,"column":null}}],"line":51},"3":{"loc":{"start":{"line":56,"column":22},"end":{"line":56,"column":null}},"type":"cond-expr","locations":[{"start":{"line":56,"column":45},"end":{"line":56,"column":59}},{"start":{"line":56,"column":59},"end":{"line":56,"column":null}}],"line":56},"4":{"loc":{"start":{"line":78,"column":13},"end":{"line":78,"column":null}},"type":"binary-expr","locations":[{"start":{"line":78,"column":13},"end":{"line":78,"column":24}},{"start":{"line":78,"column":24},"end":{"line":78,"column":null}}],"line":78},"5":{"loc":{"start":{"line":79,"column":13},"end":{"line":79,"column":null}},"type":"binary-expr","locations":[{"start":{"line":79,"column":13},"end":{"line":79,"column":25}},{"start":{"line":79,"column":25},"end":{"line":79,"column":34}},{"start":{"line":79,"column":34},"end":{"line":79,"column":null}}],"line":79},"6":{"loc":{"start":{"line":80,"column":13},"end":{"line":80,"column":null}},"type":"binary-expr","locations":[{"start":{"line":80,"column":13},"end":{"line":80,"column":25}},{"start":{"line":80,"column":25},"end":{"line":80,"column":35}},{"start":{"line":80,"column":35},"end":{"line":80,"column":null}}],"line":80}},"s":{"0":1,"1":13,"2":3,"3":11,"4":11,"5":11,"6":10,"7":10,"8":23,"9":3,"10":10,"11":13,"12":13,"13":13,"14":5,"15":2,"16":2,"17":3,"18":3,"19":3,"20":33,"21":33},"f":{"0":11,"1":10,"2":23,"3":10,"4":13,"5":3,"6":33},"b":{"0":[11,8],"1":[3,20],"2":[5,8],"3":[2,0],"4":[33,13],"5":[33,20,2],"6":[33,20,18]},"meta":{"lastBranch":7,"lastFunction":7,"lastStatement":22,"seen":{"s:12:20:12:Infinity":0,"s:48:18:59:Infinity":1,"s:61:17:65:Infinity":2,"f:22:2:22:14":0,"s:23:4:23:Infinity":3,"s:24:18:24:Infinity":4,"b:24:18:24:55:24:55:24:Infinity":0,"s:25:4:30:Infinity":5,"f:33:2:33:22":1,"s:34:4:34:Infinity":6,"s:35:4:35:Infinity":7,"f:38:2:38:21":2,"b:39:4:41:Infinity:undefined:undefined:undefined:undefined":1,"s:39:4:41:Infinity":8,"s:40:6:40:Infinity":9,"f:44:2:44:25":3,"s:45:4:45:Infinity":10,"f:48:18:48:25":4,"s:49:4:49:Infinity":11,"s:50:4:58:Infinity":12,"s:51:23:53:Infinity":13,"b:52:10:52:Infinity:53:10:53:Infinity":2,"s:54:6:54:Infinity":14,"s:56:22:56:Infinity":15,"b:56:45:56:59:56:59:56:Infinity":3,"s:57:6:57:Infinity":16,"f:61:17:61:18":5,"s:62:4:62:Infinity":17,"s:63:4:63:Infinity":18,"s:64:4:64:Infinity":19,"f:67:2:67:11":6,"s:68:53:68:Infinity":20,"s:69:4:83:Infinity":21,"b:78:13:78:24:78:24:78:Infinity":4,"b:79:13:79:25:79:25:79:34:79:34:79:Infinity":5,"b:80:13:80:25:80:25:80:35:80:35:80:Infinity":6}}}
,"C:\\Projects\\ReactRS\\src\\components\\Card.tsx": {"path":"C:\\Projects\\ReactRS\\src\\components\\Card.tsx","statementMap":{"0":{"start":{"line":6,"column":4},"end":{"line":6,"column":null}},"1":{"start":{"line":7,"column":34},"end":{"line":7,"column":null}},"2":{"start":{"line":8,"column":4},"end":{"line":12,"column":null}}},"fnMap":{"0":{"name":"(anonymous_0)","decl":{"start":{"line":5,"column":2},"end":{"line":5,"column":11}},"loc":{"start":{"line":5,"column":11},"end":{"line":14,"column":null}},"line":5}},"branchMap":{},"s":{"0":14,"1":14,"2":14},"f":{"0":14},"b":{},"meta":{"lastBranch":0,"lastFunction":1,"lastStatement":3,"seen":{"f:5:2:5:11":0,"s:6:4:6:Infinity":0,"s:7:34:7:Infinity":1,"s:8:4:12:Infinity":2}}}
,"C:\\Projects\\ReactRS\\src\\components\\CardList.tsx": {"path":"C:\\Projects\\ReactRS\\src\\components\\CardList.tsx","statementMap":{"0":{"start":{"line":11,"column":25},"end":{"line":11,"column":null}},"1":{"start":{"line":12,"column":4},"end":{"line":14,"column":null}},"2":{"start":{"line":13,"column":6},"end":{"line":13,"column":null}},"3":{"start":{"line":15,"column":4},"end":{"line":20,"column":null}},"4":{"start":{"line":18,"column":10},"end":{"line":18,"column":null}}},"fnMap":{"0":{"name":"(anonymous_0)","decl":{"start":{"line":10,"column":2},"end":{"line":10,"column":11}},"loc":{"start":{"line":10,"column":11},"end":{"line":22,"column":null}},"line":10},"1":{"name":"(anonymous_1)","decl":{"start":{"line":17,"column":22},"end":{"line":17,"column":23}},"loc":{"start":{"line":18,"column":10},"end":{"line":18,"column":null}},"line":18}},"branchMap":{"0":{"loc":{"start":{"line":12,"column":4},"end":{"line":14,"column":null}},"type":"if","locations":[{"start":{"line":12,"column":4},"end":{"line":14,"column":null}},{"start":{},"end":{}}],"line":12}},"s":{"0":21,"1":21,"2":14,"3":7,"4":11},"f":{"0":21,"1":11},"b":{"0":[14,7]},"meta":{"lastBranch":1,"lastFunction":2,"lastStatement":5,"seen":{"f:10:2:10:11":0,"s:11:25:11:Infinity":0,"b:12:4:14:Infinity:undefined:undefined:undefined:undefined":0,"s:12:4:14:Infinity":1,"s:13:6:13:Infinity":2,"s:15:4:20:Infinity":3,"f:17:22:17:23":1,"s:18:10:18:Infinity":4}}}
,"C:\\Projects\\ReactRS\\src\\components\\ErrorBoundary.tsx": {"path":"C:\\Projects\\ReactRS\\src\\components\\ErrorBoundary.tsx","statementMap":{"0":{"start":{"line":27,"column":16},"end":{"line":33,"column":null}},"1":{"start":{"line":15,"column":4},"end":{"line":15,"column":null}},"2":{"start":{"line":16,"column":4},"end":{"line":16,"column":null}},"3":{"start":{"line":20,"column":4},"end":{"line":20,"column":null}},"4":{"start":{"line":24,"column":4},"end":{"line":24,"column":null}},"5":{"start":{"line":28,"column":4},"end":{"line":32,"column":null}},"6":{"start":{"line":28,"column":29},"end":{"line":32,"column":6}},"7":{"start":{"line":36,"column":4},"end":{"line":44,"column":null}},"8":{"start":{"line":37,"column":6},"end":{"line":42,"column":null}},"9":{"start":{"line":45,"column":4},"end":{"line":46,"column":null}}},"fnMap":{"0":{"name":"(anonymous_0)","decl":{"start":{"line":14,"column":2},"end":{"line":14,"column":14}},"loc":{"start":{"line":14,"column":28},"end":{"line":17,"column":null}},"line":14},"1":{"name":"(anonymous_1)","decl":{"start":{"line":19,"column":9},"end":{"line":19,"column":34}},"loc":{"start":{"line":19,"column":64},"end":{"line":21,"column":null}},"line":19},"2":{"name":"(anonymous_2)","decl":{"start":{"line":23,"column":2},"end":{"line":23,"column":20}},"loc":{"start":{"line":23,"column":51},"end":{"line":25,"column":null}},"line":23},"3":{"name":"(anonymous_3)","decl":{"start":{"line":27,"column":16},"end":{"line":27,"column":22}},"loc":{"start":{"line":27,"column":22},"end":{"line":33,"column":null}},"line":27},"4":{"name":"(anonymous_4)","decl":{"start":{"line":28,"column":18},"end":{"line":28,"column":19}},"loc":{"start":{"line":28,"column":29},"end":{"line":32,"column":6}},"line":28},"5":{"name":"(anonymous_5)","decl":{"start":{"line":35,"column":2},"end":{"line":35,"column":11}},"loc":{"start":{"line":35,"column":11},"end":{"line":48,"column":null}},"line":35}},"branchMap":{"0":{"loc":{"start":{"line":36,"column":4},"end":{"line":44,"column":null}},"type":"if","locations":[{"start":{"line":36,"column":4},"end":{"line":44,"column":null}},{"start":{},"end":{}}],"line":36}},"s":{"0":1,"1":21,"2":21,"3":8,"4":4,"5":1,"6":1,"7":51,"8":8,"9":43},"f":{"0":21,"1":19,"2":4,"3":1,"4":1,"5":51},"b":{"0":[8,43]},"meta":{"lastBranch":1,"lastFunction":6,"lastStatement":10,"seen":{"s:27:16:33:Infinity":0,"f:14:2:14:14":0,"s:15:4:15:Infinity":1,"s:16:4:16:Infinity":2,"f:19:9:19:34":1,"s:20:4:20:Infinity":3,"f:23:2:23:20":2,"s:24:4:24:Infinity":4,"f:27:16:27:22":3,"s:28:4:32:Infinity":5,"f:28:18:28:19":4,"s:28:29:32:6":6,"f:35:2:35:11":5,"b:36:4:44:Infinity:undefined:undefined:undefined:undefined":0,"s:36:4:44:Infinity":7,"s:37:6:42:Infinity":8,"s:45:4:46:Infinity":9}}}
,"C:\\Projects\\ReactRS\\src\\components\\Header.tsx": {"path":"C:\\Projects\\ReactRS\\src\\components\\Header.tsx","statementMap":{"0":{"start":{"line":5,"column":4},"end":{"line":8,"column":null}}},"fnMap":{"0":{"name":"(anonymous_0)","decl":{"start":{"line":4,"column":2},"end":{"line":4,"column":11}},"loc":{"start":{"line":4,"column":11},"end":{"line":10,"column":null}},"line":4}},"branchMap":{},"s":{"0":35},"f":{"0":35},"b":{},"meta":{"lastBranch":0,"lastFunction":1,"lastStatement":1,"seen":{"f:4:2:4:11":0,"s:5:4:8:Infinity":0}}}
,"C:\\Projects\\ReactRS\\src\\components\\Loader.tsx": {"path":"C:\\Projects\\ReactRS\\src\\components\\Loader.tsx","statementMap":{"0":{"start":{"line":5,"column":4},"end":{"line":8,"column":null}}},"fnMap":{"0":{"name":"(anonymous_0)","decl":{"start":{"line":4,"column":2},"end":{"line":4,"column":11}},"loc":{"start":{"line":4,"column":11},"end":{"line":10,"column":null}},"line":4}},"branchMap":{},"s":{"0":15},"f":{"0":15},"b":{},"meta":{"lastBranch":0,"lastFunction":1,"lastStatement":1,"seen":{"f:4:2:4:11":0,"s:5:4:8:Infinity":0}}}
,"C:\\Projects\\ReactRS\\src\\components\\Search.tsx": {"path":"C:\\Projects\\ReactRS\\src\\components\\Search.tsx","statementMap":{"0":{"start":{"line":20,"column":17},"end":{"line":22,"column":null}},"1":{"start":{"line":24,"column":17},"end":{"line":26,"column":null}},"2":{"start":{"line":14,"column":4},"end":{"line":14,"column":null}},"3":{"start":{"line":15,"column":4},"end":{"line":17,"column":null}},"4":{"start":{"line":21,"column":4},"end":{"line":21,"column":null}},"5":{"start":{"line":25,"column":4},"end":{"line":25,"column":null}},"6":{"start":{"line":29,"column":4},"end":{"line":37,"column":null}}},"fnMap":{"0":{"name":"(anonymous_0)","decl":{"start":{"line":13,"column":2},"end":{"line":13,"column":14}},"loc":{"start":{"line":13,"column":28},"end":{"line":18,"column":null}},"line":13},"1":{"name":"(anonymous_1)","decl":{"start":{"line":20,"column":17},"end":{"line":20,"column":18}},"loc":{"start":{"line":20,"column":55},"end":{"line":22,"column":null}},"line":20},"2":{"name":"(anonymous_2)","decl":{"start":{"line":24,"column":17},"end":{"line":24,"column":23}},"loc":{"start":{"line":24,"column":23},"end":{"line":26,"column":null}},"line":24},"3":{"name":"(anonymous_3)","decl":{"start":{"line":28,"column":2},"end":{"line":28,"column":11}},"loc":{"start":{"line":28,"column":11},"end":{"line":39,"column":null}},"line":28}},"branchMap":{},"s":{"0":5,"1":5,"2":15,"3":15,"4":5,"5":5,"6":43},"f":{"0":15,"1":5,"2":5,"3":43},"b":{},"meta":{"lastBranch":0,"lastFunction":4,"lastStatement":7,"seen":{"s:20:17:22:Infinity":0,"s:24:17:26:Infinity":1,"f:13:2:13:14":0,"s:14:4:14:Infinity":2,"s:15:4:17:Infinity":3,"f:20:17:20:18":1,"s:21:4:21:Infinity":4,"f:24:17:24:23":2,"s:25:4:25:Infinity":5,"f:28:2:28:11":3,"s:29:4:37:Infinity":6}}}
,"C:\\Projects\\ReactRS\\src\\components\\TestErrorButton.tsx": {"path":"C:\\Projects\\ReactRS\\src\\components\\TestErrorButton.tsx","statementMap":{"0":{"start":{"line":13,"column":16},"end":{"line":15,"column":null}},"1":{"start":{"line":9,"column":4},"end":{"line":9,"column":null}},"2":{"start":{"line":10,"column":4},"end":{"line":10,"column":null}},"3":{"start":{"line":14,"column":4},"end":{"line":14,"column":null}},"4":{"start":{"line":18,"column":4},"end":{"line":20,"column":null}},"5":{"start":{"line":19,"column":6},"end":{"line":19,"column":null}},"6":{"start":{"line":21,"column":4},"end":{"line":24,"column":null}}},"fnMap":{"0":{"name":"(anonymous_0)","decl":{"start":{"line":8,"column":2},"end":{"line":8,"column":14}},"loc":{"start":{"line":8,"column":25},"end":{"line":11,"column":null}},"line":8},"1":{"name":"(anonymous_1)","decl":{"start":{"line":13,"column":16},"end":{"line":13,"column":22}},"loc":{"start":{"line":13,"column":22},"end":{"line":15,"column":null}},"line":13},"2":{"name":"(anonymous_2)","decl":{"start":{"line":17,"column":2},"end":{"line":17,"column":11}},"loc":{"start":{"line":17,"column":11},"end":{"line":26,"column":null}},"line":17}},"branchMap":{"0":{"loc":{"start":{"line":18,"column":4},"end":{"line":20,"column":null}},"type":"if","locations":[{"start":{"line":18,"column":4},"end":{"line":20,"column":null}},{"start":{},"end":{}}],"line":18}},"s":{"0":1,"1":13,"2":13,"3":1,"4":39,"5":4,"6":35},"f":{"0":13,"1":1,"2":39},"b":{"0":[4,35]},"meta":{"lastBranch":1,"lastFunction":3,"lastStatement":7,"seen":{"s:13:16:15:Infinity":0,"f:8:2:8:14":0,"s:9:4:9:Infinity":1,"s:10:4:10:Infinity":2,"f:13:16:13:22":1,"s:14:4:14:Infinity":3,"f:17:2:17:11":2,"b:18:4:20:Infinity:undefined:undefined:undefined:undefined":0,"s:18:4:20:Infinity":4,"s:19:6:19:Infinity":5,"s:21:4:24:Infinity":6}}}
,"C:\\Projects\\ReactRS\\src\\services\\pokemonService.ts": {"path":"C:\\Projects\\ReactRS\\src\\services\\pokemonService.ts","statementMap":{"0":{"start":{"line":3,"column":17},"end":{"line":3,"column":null}},"1":{"start":{"line":5,"column":15},"end":{"line":8,"column":null}},"2":{"start":{"line":5,"column":57},"end":{"line":8,"column":null}},"3":{"start":{"line":7,"column":50},"end":{"line":7,"column":61}},"4":{"start":{"line":10,"column":34},"end":{"line":17,"column":null}},"5":{"start":{"line":11,"column":14},"end":{"line":11,"column":null}},"6":{"start":{"line":12,"column":2},"end":{"line":14,"column":null}},"7":{"start":{"line":13,"column":4},"end":{"line":13,"column":null}},"8":{"start":{"line":15,"column":30},"end":{"line":15,"column":null}},"9":{"start":{"line":16,"column":2},"end":{"line":16,"column":null}},"10":{"start":{"line":19,"column":32},"end":{"line":34,"column":null}},"11":{"start":{"line":20,"column":14},"end":{"line":20,"column":null}},"12":{"start":{"line":21,"column":2},"end":{"line":23,"column":null}},"13":{"start":{"line":22,"column":4},"end":{"line":22,"column":null}},"14":{"start":{"line":24,"column":36},"end":{"line":24,"column":null}},"15":{"start":{"line":25,"column":18},"end":{"line":32,"column":null}},"16":{"start":{"line":27,"column":6},"end":{"line":30,"column":null}},"17":{"start":{"line":28,"column":8},"end":{"line":28,"column":null}},"18":{"start":{"line":28,"column":19},"end":{"line":28,"column":null}},"19":{"start":{"line":29,"column":8},"end":{"line":29,"column":null}},"20":{"start":{"line":33,"column":2},"end":{"line":33,"column":null}}},"fnMap":{"0":{"name":"(anonymous_0)","decl":{"start":{"line":5,"column":15},"end":{"line":5,"column":16}},"loc":{"start":{"line":5,"column":57},"end":{"line":8,"column":null}},"line":5},"1":{"name":"(anonymous_1)","decl":{"start":{"line":7,"column":43},"end":{"line":7,"column":44}},"loc":{"start":{"line":7,"column":50},"end":{"line":7,"column":61}},"line":7},"2":{"name":"(anonymous_2)","decl":{"start":{"line":10,"column":34},"end":{"line":10,"column":41}},"loc":{"start":{"line":10,"column":82},"end":{"line":17,"column":null}},"line":10},"3":{"name":"(anonymous_3)","decl":{"start":{"line":19,"column":32},"end":{"line":19,"column":68}},"loc":{"start":{"line":19,"column":68},"end":{"line":34,"column":null}},"line":19},"4":{"name":"(anonymous_4)","decl":{"start":{"line":26,"column":21},"end":{"line":26,"column":22}},"loc":{"start":{"line":27,"column":6},"end":{"line":30,"column":null}},"line":27},"5":{"name":"(anonymous_5)","decl":{"start":{"line":27,"column":48},"end":{"line":27,"column":49}},"loc":{"start":{"line":27,"column":55},"end":{"line":30,"column":7}},"line":27}},"branchMap":{"0":{"loc":{"start":{"line":12,"column":2},"end":{"line":14,"column":null}},"type":"if","locations":[{"start":{"line":12,"column":2},"end":{"line":14,"column":null}},{"start":{},"end":{}}],"line":12},"1":{"loc":{"start":{"line":21,"column":2},"end":{"line":23,"column":null}},"type":"if","locations":[{"start":{"line":21,"column":2},"end":{"line":23,"column":null}},{"start":{},"end":{}}],"line":21},"2":{"loc":{"start":{"line":28,"column":8},"end":{"line":28,"column":null}},"type":"if","locations":[{"start":{"line":28,"column":8},"end":{"line":28,"column":null}},{"start":{},"end":{}}],"line":28}},"s":{"0":2,"1":2,"2":3,"3":4,"4":2,"5":3,"6":3,"7":1,"8":2,"9":2,"10":2,"11":3,"12":3,"13":1,"14":2,"15":2,"16":2,"17":2,"18":1,"19":1,"20":1},"f":{"0":3,"1":4,"2":3,"3":3,"4":2,"5":2},"b":{"0":[1,2],"1":[1,2],"2":[1,1]},"meta":{"lastBranch":3,"lastFunction":6,"lastStatement":21,"seen":{"s:3:17:3:Infinity":0,"s:5:15:8:Infinity":1,"f:5:15:5:16":0,"s:5:57:8:Infinity":2,"f:7:43:7:44":1,"s:7:50:7:61":3,"s:10:34:17:Infinity":4,"f:10:34:10:41":2,"s:11:14:11:Infinity":5,"b:12:2:14:Infinity:undefined:undefined:undefined:undefined":0,"s:12:2:14:Infinity":6,"s:13:4:13:Infinity":7,"s:15:30:15:Infinity":8,"s:16:2:16:Infinity":9,"s:19:32:34:Infinity":10,"f:19:32:19:68":3,"s:20:14:20:Infinity":11,"b:21:2:23:Infinity:undefined:undefined:undefined:undefined":1,"s:21:2:23:Infinity":12,"s:22:4:22:Infinity":13,"s:24:36:24:Infinity":14,"s:25:18:32:Infinity":15,"f:26:21:26:22":4,"s:27:6:30:Infinity":16,"f:27:48:27:49":5,"b:28:8:28:Infinity:undefined:undefined:undefined:undefined":2,"s:28:8:28:Infinity":17,"s:28:19:28:Infinity":18,"s:29:8:29:Infinity":19,"s:33:2:33:Infinity":20}}}
}
