{"C:\\Projects\\ReactRS\\src\\App.css": {"path":"C:\\Projects\\ReactRS\\src\\App.css","statementMap":{},"fnMap":{},"branchMap":{},"s":{},"f":{},"b":{},"meta":{"lastBranch":0,"lastFunction":0,"lastStatement":0,"seen":{}}}
,"C:\\Projects\\ReactRS\\src\\App.tsx": {"path":"C:\\Projects\\ReactRS\\src\\App.tsx","statementMap":{"0":{"start":{"line":18,"column":20},"end":{"line":18,"column":null}},"1":{"start":{"line":19,"column":18},"end":{"line":19,"column":null}},"2":{"start":{"line":22,"column":34},"end":{"line":22,"column":null}},"3":{"start":{"line":23,"column":30},"end":{"line":23,"column":null}},"4":{"start":{"line":24,"column":28},"end":{"line":24,"column":null}},"5":{"start":{"line":25,"column":24},"end":{"line":25,"column":null}},"6":{"start":{"line":26,"column":24},"end":{"line":26,"column":null}},"7":{"start":{"line":27,"column":29},"end":{"line":27,"column":null}},"8":{"start":{"line":29,"column":21},"end":{"line":29,"column":null}},"9":{"start":{"line":30,"column":8},"end":{"line":30,"column":null}},"10":{"start":{"line":31,"column":15},"end":{"line":31,"column":null}},"11":{"start":{"line":32,"column":21},"end":{"line":32,"column":null}},"12":{"start":{"line":34,"column":2},"end":{"line":69,"column":null}},"13":{"start":{"line":35,"column":20},"end":{"line":35,"column":null}},"14":{"start":{"line":36,"column":4},"end":{"line":36,"column":null}},"15":{"start":{"line":37,"column":4},"end":{"line":37,"column":null}},"16":{"start":{"line":39,"column":20},"end":{"line":63,"column":null}},"17":{"start":{"line":40,"column":6},"end":{"line":62,"column":null}},"18":{"start":{"line":41,"column":8},"end":{"line":53,"column":null}},"19":{"start":{"line":42,"column":25},"end":{"line":42,"column":null}},"20":{"start":{"line":43,"column":10},"end":{"line":46,"column":null}},"21":{"start":{"line":44,"column":12},"end":{"line":44,"column":null}},"22":{"start":{"line":45,"column":12},"end":{"line":45,"column":null}},"23":{"start":{"line":48,"column":51},"end":{"line":48,"column":null}},"24":{"start":{"line":49,"column":10},"end":{"line":52,"column":null}},"25":{"start":{"line":50,"column":12},"end":{"line":50,"column":null}},"26":{"start":{"line":51,"column":12},"end":{"line":51,"column":null}},"27":{"start":{"line":55,"column":8},"end":{"line":59,"column":null}},"28":{"start":{"line":56,"column":10},"end":{"line":56,"column":null}},"29":{"start":{"line":57,"column":10},"end":{"line":57,"column":null}},"30":{"start":{"line":58,"column":10},"end":{"line":58,"column":null}},"31":{"start":{"line":61,"column":8},"end":{"line":61,"column":null}},"32":{"start":{"line":61,"column":24},"end":{"line":61,"column":null}},"33":{"start":{"line":65,"column":4},"end":{"line":65,"column":null}},"34":{"start":{"line":66,"column":4},"end":{"line":68,"column":null}},"35":{"start":{"line":67,"column":6},"end":{"line":67,"column":null}},"36":{"start":{"line":71,"column":23},"end":{"line":77,"column":null}},"37":{"start":{"line":72,"column":4},"end":{"line":72,"column":null}},"38":{"start":{"line":73,"column":19},"end":{"line":73,"column":null}},"39":{"start":{"line":74,"column":4},"end":{"line":74,"column":null}},"40":{"start":{"line":75,"column":4},"end":{"line":75,"column":null}},"41":{"start":{"line":76,"column":4},"end":{"line":76,"column":null}},"42":{"start":{"line":79,"column":27},"end":{"line":84,"column":null}},"43":{"start":{"line":80,"column":19},"end":{"line":80,"column":null}},"44":{"start":{"line":81,"column":4},"end":{"line":81,"column":null}},"45":{"start":{"line":82,"column":4},"end":{"line":82,"column":null}},"46":{"start":{"line":83,"column":4},"end":{"line":83,"column":null}},"47":{"start":{"line":86,"column":21},"end":{"line":86,"column":null}},"48":{"start":{"line":88,"column":2},"end":{"line":119,"column":null}}},"fnMap":{"0":{"name":"App","decl":{"start":{"line":21,"column":24},"end":{"line":21,"column":30}},"loc":{"start":{"line":21,"column":30},"end":{"line":121,"column":null}},"line":21},"1":{"name":"(anonymous_1)","decl":{"start":{"line":34,"column":12},"end":{"line":34,"column":18}},"loc":{"start":{"line":34,"column":18},"end":{"line":69,"column":5}},"line":34},"2":{"name":"(anonymous_2)","decl":{"start":{"line":39,"column":20},"end":{"line":39,"column":32}},"loc":{"start":{"line":39,"column":32},"end":{"line":63,"column":null}},"line":39},"3":{"name":"(anonymous_3)","decl":{"start":{"line":66,"column":11},"end":{"line":66,"column":17}},"loc":{"start":{"line":66,"column":17},"end":{"line":68,"column":null}},"line":66},"4":{"name":"(anonymous_4)","decl":{"start":{"line":71,"column":23},"end":{"line":71,"column":24}},"loc":{"start":{"line":71,"column":41},"end":{"line":77,"column":null}},"line":71},"5":{"name":"(anonymous_5)","decl":{"start":{"line":79,"column":27},"end":{"line":79,"column":28}},"loc":{"start":{"line":79,"column":48},"end":{"line":84,"column":null}},"line":79}},"branchMap":{"0":{"loc":{"start":{"line":31,"column":24},"end":{"line":31,"column":57}},"type":"binary-expr","locations":[{"start":{"line":31,"column":24},"end":{"line":31,"column":52}},{"start":{"line":31,"column":52},"end":{"line":31,"column":57}}],"line":31},"1":{"loc":{"start":{"line":41,"column":8},"end":{"line":53,"column":null}},"type":"if","locations":[{"start":{"line":41,"column":8},"end":{"line":53,"column":null}},{"start":{"line":47,"column":15},"end":{"line":53,"column":null}}],"line":41},"2":{"loc":{"start":{"line":43,"column":10},"end":{"line":46,"column":null}},"type":"if","locations":[{"start":{"line":43,"column":10},"end":{"line":46,"column":null}},{"start":{},"end":{}}],"line":43},"3":{"loc":{"start":{"line":49,"column":10},"end":{"line":52,"column":null}},"type":"if","locations":[{"start":{"line":49,"column":10},"end":{"line":52,"column":null}},{"start":{},"end":{}}],"line":49},"4":{"loc":{"start":{"line":55,"column":8},"end":{"line":59,"column":null}},"type":"if","locations":[{"start":{"line":55,"column":8},"end":{"line":59,"column":null}},{"start":{},"end":{}}],"line":55},"5":{"loc":{"start":{"line":56,"column":19},"end":{"line":56,"column":75}},"type":"cond-expr","locations":[{"start":{"line":56,"column":42},"end":{"line":56,"column":56}},{"start":{"line":56,"column":56},"end":{"line":56,"column":75}}],"line":56},"6":{"loc":{"start":{"line":61,"column":8},"end":{"line":61,"column":null}},"type":"if","locations":[{"start":{"line":61,"column":8},"end":{"line":61,"column":null}},{"start":{},"end":{}}],"line":61},"7":{"loc":{"start":{"line":86,"column":21},"end":{"line":86,"column":null}},"type":"cond-expr","locations":[{"start":{"line":86,"column":34},"end":{"line":86,"column":38}},{"start":{"line":86,"column":38},"end":{"line":86,"column":null}}],"line":86},"8":{"loc":{"start":{"line":98,"column":11},"end":{"line":98,"column":null}},"type":"cond-expr","locations":[{"start":{"line":98,"column":30},"end":{"line":98,"column":47}},{"start":{"line":98,"column":47},"end":{"line":98,"column":null}}],"line":98},"9":{"loc":{"start":{"line":101,"column":39},"end":{"line":101,"column":81}},"type":"cond-expr","locations":[{"start":{"line":101,"column":52},"end":{"line":101,"column":79}},{"start":{"line":101,"column":79},"end":{"line":101,"column":81}}],"line":101},"10":{"loc":{"start":{"line":105,"column":13},"end":{"line":105,"column":null}},"type":"binary-expr","locations":[{"start":{"line":105,"column":13},"end":{"line":105,"column":24}},{"start":{"line":105,"column":24},"end":{"line":105,"column":null}}],"line":105},"11":{"loc":{"start":{"line":106,"column":13},"end":{"line":106,"column":null}},"type":"binary-expr","locations":[{"start":{"line":106,"column":13},"end":{"line":106,"column":25}},{"start":{"line":106,"column":25},"end":{"line":106,"column":34}},{"start":{"line":106,"column":34},"end":{"line":106,"column":null}}],"line":106},"12":{"loc":{"start":{"line":107,"column":13},"end":{"line":107,"column":null}},"type":"binary-expr","locations":[{"start":{"line":107,"column":13},"end":{"line":107,"column":25}},{"start":{"line":107,"column":25},"end":{"line":107,"column":35}},{"start":{"line":107,"column":35},"end":{"line":107,"column":null}}],"line":107},"13":{"loc":{"start":{"line":108,"column":13},"end":{"line":108,"column":null}},"type":"binary-expr","locations":[{"start":{"line":108,"column":13},"end":{"line":108,"column":25}},{"start":{"line":108,"column":25},"end":{"line":108,"column":35}},{"start":{"line":108,"column":35},"end":{"line":108,"column":null}}],"line":108},"14":{"loc":{"start":{"line":110,"column":11},"end":{"line":113,"column":null}},"type":"binary-expr","locations":[{"start":{"line":110,"column":11},"end":{"line":110,"column":null}},{"start":{"line":111,"column":12},"end":{"line":113,"column":null}}],"line":110}},"s":{"0":1,"1":1,"2":40,"3":40,"4":40,"5":40,"6":40,"7":40,"8":40,"9":40,"10":40,"11":40,"12":40,"13":13,"14":13,"15":13,"16":13,"17":13,"18":13,"19":5,"20":5,"21":5,"22":5,"23":8,"24":5,"25":5,"26":5,"27":2,"28":2,"29":2,"30":2,"31":12,"32":12,"33":13,"34":13,"35":13,"36":40,"37":3,"38":3,"39":3,"40":3,"41":3,"42":40,"43":0,"44":0,"45":0,"46":0,"47":40,"48":40},"f":{"0":40,"1":13,"2":13,"3":13,"4":3,"5":0},"b":{"0":[40,34],"1":[5,8],"2":[5,0],"3":[5,0],"4":[2,0],"5":[2,0],"6":[12,0],"7":[16,23],"8":[39,0],"9":[0,39],"10":[40,16],"11":[40,23,3],"12":[40,23,20],"13":[40,23,20],"14":[40,0]},"meta":{"lastBranch":15,"lastFunction":6,"lastStatement":49,"seen":{"s:18:20:18:Infinity":0,"s:19:18:19:Infinity":1,"f:21:24:21:30":0,"s:22:34:22:Infinity":2,"s:23:30:23:Infinity":3,"s:24:28:24:Infinity":4,"s:25:24:25:Infinity":5,"s:26:24:26:Infinity":6,"s:27:29:27:Infinity":7,"s:29:21:29:Infinity":8,"s:30:8:30:Infinity":9,"s:31:15:31:Infinity":10,"b:31:24:31:52:31:52:31:57":0,"s:32:21:32:Infinity":11,"s:34:2:69:Infinity":12,"f:34:12:34:18":1,"s:35:20:35:Infinity":13,"s:36:4:36:Infinity":14,"s:37:4:37:Infinity":15,"s:39:20:63:Infinity":16,"f:39:20:39:32":2,"s:40:6:62:Infinity":17,"b:41:8:53:Infinity:47:15:53:Infinity":1,"s:41:8:53:Infinity":18,"s:42:25:42:Infinity":19,"b:43:10:46:Infinity:undefined:undefined:undefined:undefined":2,"s:43:10:46:Infinity":20,"s:44:12:44:Infinity":21,"s:45:12:45:Infinity":22,"s:48:51:48:Infinity":23,"b:49:10:52:Infinity:undefined:undefined:undefined:undefined":3,"s:49:10:52:Infinity":24,"s:50:12:50:Infinity":25,"s:51:12:51:Infinity":26,"b:55:8:59:Infinity:undefined:undefined:undefined:undefined":4,"s:55:8:59:Infinity":27,"s:56:10:56:Infinity":28,"b:56:42:56:56:56:56:56:75":5,"s:57:10:57:Infinity":29,"s:58:10:58:Infinity":30,"b:61:8:61:Infinity:undefined:undefined:undefined:undefined":6,"s:61:8:61:Infinity":31,"s:61:24:61:Infinity":32,"s:65:4:65:Infinity":33,"s:66:4:68:Infinity":34,"f:66:11:66:17":3,"s:67:6:67:Infinity":35,"s:71:23:77:Infinity":36,"f:71:23:71:24":4,"s:72:4:72:Infinity":37,"s:73:19:73:Infinity":38,"s:74:4:74:Infinity":39,"s:75:4:75:Infinity":40,"s:76:4:76:Infinity":41,"s:79:27:84:Infinity":42,"f:79:27:79:28":5,"s:80:19:80:Infinity":43,"s:81:4:81:Infinity":44,"s:82:4:82:Infinity":45,"s:83:4:83:Infinity":46,"s:86:21:86:Infinity":47,"b:86:34:86:38:86:38:86:Infinity":7,"s:88:2:119:Infinity":48,"b:98:30:98:47:98:47:98:Infinity":8,"b:101:52:101:79:101:79:101:81":9,"b:105:13:105:24:105:24:105:Infinity":10,"b:106:13:106:25:106:25:106:34:106:34:106:Infinity":11,"b:107:13:107:25:107:25:107:35:107:35:107:Infinity":12,"b:108:13:108:25:108:25:108:35:108:35:108:Infinity":13,"b:110:11:110:Infinity:111:12:113:Infinity":14}}}
,"C:\\Projects\\ReactRS\\src\\components\\Card.tsx": {"path":"C:\\Projects\\ReactRS\\src\\components\\Card.tsx","statementMap":{"0":{"start":{"line":11,"column":2},"end":{"line":29,"column":null}},"1":{"start":{"line":17,"column":34},"end":{"line":17,"column":67}},"2":{"start":{"line":23,"column":24},"end":{"line":23,"column":null}},"3":{"start":{"line":24,"column":24},"end":{"line":24,"column":null}}},"fnMap":{"0":{"name":"Card","decl":{"start":{"line":10,"column":24},"end":{"line":10,"column":29}},"loc":{"start":{"line":10,"column":109},"end":{"line":31,"column":null}},"line":10},"1":{"name":"(anonymous_1)","decl":{"start":{"line":17,"column":27},"end":{"line":17,"column":28}},"loc":{"start":{"line":17,"column":34},"end":{"line":17,"column":67}},"line":17},"2":{"name":"(anonymous_2)","decl":{"start":{"line":23,"column":18},"end":{"line":23,"column":24}},"loc":{"start":{"line":23,"column":24},"end":{"line":23,"column":null}},"line":23},"3":{"name":"(anonymous_3)","decl":{"start":{"line":24,"column":17},"end":{"line":24,"column":18}},"loc":{"start":{"line":24,"column":24},"end":{"line":24,"column":null}},"line":24}},"branchMap":{"0":{"loc":{"start":{"line":13,"column":32},"end":{"line":13,"column":75}},"type":"cond-expr","locations":[{"start":{"line":13,"column":45},"end":{"line":13,"column":73}},{"start":{"line":13,"column":73},"end":{"line":13,"column":75}}],"line":13},"1":{"loc":{"start":{"line":13,"column":78},"end":{"line":13,"column":119}},"type":"cond-expr","locations":[{"start":{"line":13,"column":90},"end":{"line":13,"column":117}},{"start":{"line":13,"column":117},"end":{"line":13,"column":119}}],"line":13},"2":{"loc":{"start":{"line":15,"column":12},"end":{"line":15,"column":null}},"type":"cond-expr","locations":[{"start":{"line":15,"column":22},"end":{"line":15,"column":33}},{"start":{"line":15,"column":33},"end":{"line":15,"column":null}}],"line":15},"3":{"loc":{"start":{"line":16,"column":16},"end":{"line":16,"column":null}},"type":"cond-expr","locations":[{"start":{"line":16,"column":26},"end":{"line":16,"column":30}},{"start":{"line":16,"column":30},"end":{"line":16,"column":null}}],"line":16},"4":{"loc":{"start":{"line":17,"column":17},"end":{"line":17,"column":null}},"type":"cond-expr","locations":[{"start":{"line":17,"column":27},"end":{"line":17,"column":67}},{"start":{"line":17,"column":67},"end":{"line":17,"column":null}}],"line":17},"5":{"loc":{"start":{"line":17,"column":34},"end":{"line":17,"column":67}},"type":"binary-expr","locations":[{"start":{"line":17,"column":34},"end":{"line":17,"column":55}},{"start":{"line":17,"column":55},"end":{"line":17,"column":67}}],"line":17},"6":{"loc":{"start":{"line":22,"column":17},"end":{"line":22,"column":null}},"type":"binary-expr","locations":[{"start":{"line":22,"column":17},"end":{"line":22,"column":30}},{"start":{"line":22,"column":30},"end":{"line":22,"column":null}}],"line":22}},"s":{"0":44,"1":2,"2":4,"3":4},"f":{"0":44,"1":2,"2":4,"3":4},"b":{"0":[3,41],"1":[5,39],"2":[35,9],"3":[35,9],"4":[2,9],"5":[2,1],"6":[44,11]},"meta":{"lastBranch":7,"lastFunction":4,"lastStatement":4,"seen":{"f:10:24:10:29":0,"s:11:2:29:Infinity":0,"b:13:45:13:73:13:73:13:75":0,"b:13:90:13:117:13:117:13:119":1,"b:15:22:15:33:15:33:15:Infinity":2,"b:16:26:16:30:16:30:16:Infinity":3,"b:17:27:17:67:17:67:17:Infinity":4,"f:17:27:17:28":1,"s:17:34:17:67":1,"b:17:34:17:55:17:55:17:67":5,"b:22:17:22:30:22:30:22:Infinity":6,"f:23:18:23:24":2,"s:23:24:23:Infinity":2,"f:24:17:24:18":3,"s:24:24:24:Infinity":3}}}
,"C:\\Projects\\ReactRS\\src\\components\\CardList.tsx": {"path":"C:\\Projects\\ReactRS\\src\\components\\CardList.tsx","statementMap":{"0":{"start":{"line":11,"column":8},"end":{"line":11,"column":null}},"1":{"start":{"line":12,"column":21},"end":{"line":12,"column":null}},"2":{"start":{"line":13,"column":23},"end":{"line":13,"column":null}},"3":{"start":{"line":14,"column":36},"end":{"line":14,"column":null}},"4":{"start":{"line":16,"column":26},"end":{"line":25,"column":null}},"5":{"start":{"line":17,"column":22},"end":{"line":17,"column":null}},"6":{"start":{"line":18,"column":19},"end":{"line":18,"column":null}},"7":{"start":{"line":19,"column":4},"end":{"line":23,"column":null}},"8":{"start":{"line":20,"column":6},"end":{"line":20,"column":null}},"9":{"start":{"line":22,"column":6},"end":{"line":22,"column":null}},"10":{"start":{"line":24,"column":4},"end":{"line":24,"column":null}},"11":{"start":{"line":27,"column":2},"end":{"line":29,"column":null}},"12":{"start":{"line":28,"column":4},"end":{"line":28,"column":null}},"13":{"start":{"line":31,"column":2},"end":{"line":44,"column":null}},"14":{"start":{"line":34,"column":8},"end":{"line":42,"column":null}},"15":{"start":{"line":38,"column":25},"end":{"line":38,"column":null}}},"fnMap":{"0":{"name":"CardList","decl":{"start":{"line":10,"column":24},"end":{"line":10,"column":33}},"loc":{"start":{"line":10,"column":54},"end":{"line":46,"column":null}},"line":10},"1":{"name":"(anonymous_1)","decl":{"start":{"line":16,"column":26},"end":{"line":16,"column":27}},"loc":{"start":{"line":16,"column":44},"end":{"line":25,"column":null}},"line":16},"2":{"name":"(anonymous_2)","decl":{"start":{"line":33,"column":20},"end":{"line":33,"column":21}},"loc":{"start":{"line":34,"column":8},"end":{"line":42,"column":null}},"line":34},"3":{"name":"(anonymous_3)","decl":{"start":{"line":38,"column":19},"end":{"line":38,"column":25}},"loc":{"start":{"line":38,"column":25},"end":{"line":38,"column":null}},"line":38}},"branchMap":{"0":{"loc":{"start":{"line":19,"column":4},"end":{"line":23,"column":null}},"type":"if","locations":[{"start":{"line":19,"column":4},"end":{"line":23,"column":null}},{"start":{"line":21,"column":11},"end":{"line":23,"column":null}}],"line":19},"1":{"loc":{"start":{"line":27,"column":2},"end":{"line":29,"column":null}},"type":"if","locations":[{"start":{"line":27,"column":2},"end":{"line":29,"column":null}},{"start":{},"end":{}}],"line":27}},"s":{"0":33,"1":33,"2":33,"3":33,"4":33,"5":2,"6":2,"7":2,"8":1,"9":1,"10":2,"11":33,"12":16,"13":17,"14":31,"15":2},"f":{"0":33,"1":2,"2":31,"3":2},"b":{"0":[1,1],"1":[16,17]},"meta":{"lastBranch":2,"lastFunction":4,"lastStatement":16,"seen":{"f:10:24:10:33":0,"s:11:8:11:Infinity":0,"s:12:21:12:Infinity":1,"s:13:23:13:Infinity":2,"s:14:36:14:Infinity":3,"s:16:26:25:Infinity":4,"f:16:26:16:27":1,"s:17:22:17:Infinity":5,"s:18:19:18:Infinity":6,"b:19:4:23:Infinity:21:11:23:Infinity":0,"s:19:4:23:Infinity":7,"s:20:6:20:Infinity":8,"s:22:6:22:Infinity":9,"s:24:4:24:Infinity":10,"b:27:2:29:Infinity:undefined:undefined:undefined:undefined":1,"s:27:2:29:Infinity":11,"s:28:4:28:Infinity":12,"s:31:2:44:Infinity":13,"f:33:20:33:21":2,"s:34:8:42:Infinity":14,"f:38:19:38:25":3,"s:38:25:38:Infinity":15}}}
,"C:\\Projects\\ReactRS\\src\\components\\DetailPanel.tsx": {"path":"C:\\Projects\\ReactRS\\src\\components\\DetailPanel.tsx","statementMap":{"0":{"start":{"line":8,"column":21},"end":{"line":8,"column":null}},"1":{"start":{"line":9,"column":8},"end":{"line":9,"column":null}},"2":{"start":{"line":10,"column":22},"end":{"line":10,"column":null}},"3":{"start":{"line":12,"column":26},"end":{"line":12,"column":null}},"4":{"start":{"line":13,"column":28},"end":{"line":13,"column":null}},"5":{"start":{"line":14,"column":24},"end":{"line":14,"column":null}},"6":{"start":{"line":16,"column":2},"end":{"line":26,"column":null}},"7":{"start":{"line":17,"column":4},"end":{"line":17,"column":null}},"8":{"start":{"line":17,"column":22},"end":{"line":17,"column":null}},"9":{"start":{"line":18,"column":4},"end":{"line":18,"column":null}},"10":{"start":{"line":19,"column":4},"end":{"line":19,"column":null}},"11":{"start":{"line":20,"column":4},"end":{"line":25,"column":null}},"12":{"start":{"line":23,"column":8},"end":{"line":23,"column":null}},"13":{"start":{"line":25,"column":21},"end":{"line":25,"column":38}},"14":{"start":{"line":28,"column":22},"end":{"line":32,"column":null}},"15":{"start":{"line":29,"column":19},"end":{"line":29,"column":null}},"16":{"start":{"line":30,"column":4},"end":{"line":30,"column":null}},"17":{"start":{"line":31,"column":4},"end":{"line":31,"column":null}},"18":{"start":{"line":34,"column":2},"end":{"line":34,"column":null}},"19":{"start":{"line":34,"column":20},"end":{"line":34,"column":null}},"20":{"start":{"line":36,"column":2},"end":{"line":72,"column":null}},"21":{"start":{"line":50,"column":61},"end":{"line":50,"column":72}},"22":{"start":{"line":64,"column":14},"end":{"line":67,"column":null}}},"fnMap":{"0":{"name":"DetailPanel","decl":{"start":{"line":7,"column":24},"end":{"line":7,"column":38}},"loc":{"start":{"line":7,"column":38},"end":{"line":74,"column":null}},"line":7},"1":{"name":"(anonymous_1)","decl":{"start":{"line":16,"column":12},"end":{"line":16,"column":18}},"loc":{"start":{"line":16,"column":18},"end":{"line":26,"column":5}},"line":16},"2":{"name":"(anonymous_2)","decl":{"start":{"line":22,"column":13},"end":{"line":22,"column":14}},"loc":{"start":{"line":22,"column":31},"end":{"line":24,"column":7}},"line":22},"3":{"name":"(anonymous_3)","decl":{"start":{"line":25,"column":15},"end":{"line":25,"column":21}},"loc":{"start":{"line":25,"column":21},"end":{"line":25,"column":38}},"line":25},"4":{"name":"(anonymous_4)","decl":{"start":{"line":28,"column":22},"end":{"line":28,"column":28}},"loc":{"start":{"line":28,"column":28},"end":{"line":32,"column":null}},"line":28},"5":{"name":"(anonymous_5)","decl":{"start":{"line":50,"column":54},"end":{"line":50,"column":55}},"loc":{"start":{"line":50,"column":61},"end":{"line":50,"column":72}},"line":50},"6":{"name":"(anonymous_6)","decl":{"start":{"line":63,"column":30},"end":{"line":63,"column":31}},"loc":{"start":{"line":64,"column":14},"end":{"line":67,"column":null}},"line":64}},"branchMap":{"0":{"loc":{"start":{"line":17,"column":4},"end":{"line":17,"column":null}},"type":"if","locations":[{"start":{"line":17,"column":4},"end":{"line":17,"column":null}},{"start":{},"end":{}}],"line":17},"1":{"loc":{"start":{"line":23,"column":17},"end":{"line":23,"column":70}},"type":"cond-expr","locations":[{"start":{"line":23,"column":40},"end":{"line":23,"column":54}},{"start":{"line":23,"column":54},"end":{"line":23,"column":70}}],"line":23},"2":{"loc":{"start":{"line":34,"column":2},"end":{"line":34,"column":null}},"type":"if","locations":[{"start":{"line":34,"column":2},"end":{"line":34,"column":null}},{"start":{},"end":{}}],"line":34},"3":{"loc":{"start":{"line":41,"column":7},"end":{"line":41,"column":null}},"type":"binary-expr","locations":[{"start":{"line":41,"column":7},"end":{"line":41,"column":18}},{"start":{"line":41,"column":18},"end":{"line":41,"column":null}}],"line":41},"4":{"loc":{"start":{"line":42,"column":7},"end":{"line":42,"column":null}},"type":"binary-expr","locations":[{"start":{"line":42,"column":7},"end":{"line":42,"column":16}},{"start":{"line":42,"column":16},"end":{"line":42,"column":null}}],"line":42},"5":{"loc":{"start":{"line":43,"column":7},"end":{"line":70,"column":null}},"type":"binary-expr","locations":[{"start":{"line":43,"column":7},"end":{"line":43,"column":19}},{"start":{"line":43,"column":19},"end":{"line":43,"column":29}},{"start":{"line":43,"column":29},"end":{"line":43,"column":null}},{"start":{"line":44,"column":8},"end":{"line":70,"column":null}}],"line":43}},"s":{"0":19,"1":19,"2":19,"3":19,"4":19,"5":19,"6":19,"7":8,"8":2,"9":6,"10":6,"11":6,"12":1,"13":5,"14":19,"15":1,"16":1,"17":1,"18":19,"19":3,"20":15,"21":2,"22":4},"f":{"0":19,"1":8,"2":1,"3":5,"4":1,"5":2,"6":4},"b":{"0":[2,6],"1":[1,0],"2":[3,16],"3":[15,6],"4":[19,1],"5":[19,9,8,2]},"meta":{"lastBranch":6,"lastFunction":7,"lastStatement":23,"seen":{"f:7:24:7:38":0,"s:8:21:8:Infinity":0,"s:9:8:9:Infinity":1,"s:10:22:10:Infinity":2,"s:12:26:12:Infinity":3,"s:13:28:13:Infinity":4,"s:14:24:14:Infinity":5,"s:16:2:26:Infinity":6,"f:16:12:16:18":1,"b:17:4:17:Infinity:undefined:undefined:undefined:undefined":0,"s:17:4:17:Infinity":7,"s:17:22:17:Infinity":8,"s:18:4:18:Infinity":9,"s:19:4:19:Infinity":10,"s:20:4:25:Infinity":11,"f:22:13:22:14":2,"s:23:8:23:Infinity":12,"b:23:40:23:54:23:54:23:70":1,"f:25:15:25:21":3,"s:25:21:25:38":13,"s:28:22:32:Infinity":14,"f:28:22:28:28":4,"s:29:19:29:Infinity":15,"s:30:4:30:Infinity":16,"s:31:4:31:Infinity":17,"b:34:2:34:Infinity:undefined:undefined:undefined:undefined":2,"s:34:2:34:Infinity":18,"s:34:20:34:Infinity":19,"s:36:2:72:Infinity":20,"b:41:7:41:18:41:18:41:Infinity":3,"b:42:7:42:16:42:16:42:Infinity":4,"b:43:7:43:19:43:19:43:29:43:29:43:Infinity:44:8:70:Infinity":5,"f:50:54:50:55":5,"s:50:61:50:72":21,"f:63:30:63:31":6,"s:64:14:67:Infinity":22}}}
,"C:\\Projects\\ReactRS\\src\\components\\ErrorBoundary.tsx": {"path":"C:\\Projects\\ReactRS\\src\\components\\ErrorBoundary.tsx","statementMap":{"0":{"start":{"line":27,"column":16},"end":{"line":33,"column":null}},"1":{"start":{"line":15,"column":4},"end":{"line":15,"column":null}},"2":{"start":{"line":16,"column":4},"end":{"line":16,"column":null}},"3":{"start":{"line":20,"column":4},"end":{"line":20,"column":null}},"4":{"start":{"line":24,"column":4},"end":{"line":24,"column":null}},"5":{"start":{"line":28,"column":4},"end":{"line":32,"column":null}},"6":{"start":{"line":28,"column":29},"end":{"line":32,"column":6}},"7":{"start":{"line":36,"column":4},"end":{"line":44,"column":null}},"8":{"start":{"line":37,"column":6},"end":{"line":42,"column":null}},"9":{"start":{"line":45,"column":4},"end":{"line":46,"column":null}}},"fnMap":{"0":{"name":"(anonymous_0)","decl":{"start":{"line":14,"column":2},"end":{"line":14,"column":14}},"loc":{"start":{"line":14,"column":28},"end":{"line":17,"column":null}},"line":14},"1":{"name":"(anonymous_1)","decl":{"start":{"line":19,"column":9},"end":{"line":19,"column":34}},"loc":{"start":{"line":19,"column":64},"end":{"line":21,"column":null}},"line":19},"2":{"name":"(anonymous_2)","decl":{"start":{"line":23,"column":2},"end":{"line":23,"column":20}},"loc":{"start":{"line":23,"column":51},"end":{"line":25,"column":null}},"line":23},"3":{"name":"(anonymous_3)","decl":{"start":{"line":27,"column":16},"end":{"line":27,"column":22}},"loc":{"start":{"line":27,"column":22},"end":{"line":33,"column":null}},"line":27},"4":{"name":"(anonymous_4)","decl":{"start":{"line":28,"column":18},"end":{"line":28,"column":19}},"loc":{"start":{"line":28,"column":29},"end":{"line":32,"column":6}},"line":28},"5":{"name":"(anonymous_5)","decl":{"start":{"line":35,"column":2},"end":{"line":35,"column":11}},"loc":{"start":{"line":35,"column":11},"end":{"line":48,"column":null}},"line":35}},"branchMap":{"0":{"loc":{"start":{"line":36,"column":4},"end":{"line":44,"column":null}},"type":"if","locations":[{"start":{"line":36,"column":4},"end":{"line":44,"column":null}},{"start":{},"end":{}}],"line":36}},"s":{"0":1,"1":21,"2":21,"3":8,"4":4,"5":1,"6":1,"7":57,"8":8,"9":49},"f":{"0":21,"1":19,"2":4,"3":1,"4":1,"5":57},"b":{"0":[8,49]},"meta":{"lastBranch":1,"lastFunction":6,"lastStatement":10,"seen":{"s:27:16:33:Infinity":0,"f:14:2:14:14":0,"s:15:4:15:Infinity":1,"s:16:4:16:Infinity":2,"f:19:9:19:34":1,"s:20:4:20:Infinity":3,"f:23:2:23:20":2,"s:24:4:24:Infinity":4,"f:27:16:27:22":3,"s:28:4:32:Infinity":5,"f:28:18:28:19":4,"s:28:29:32:6":6,"f:35:2:35:11":5,"b:36:4:44:Infinity:undefined:undefined:undefined:undefined":0,"s:36:4:44:Infinity":7,"s:37:6:42:Infinity":8,"s:45:4:46:Infinity":9}}}
,"C:\\Projects\\ReactRS\\src\\components\\Flyout.tsx": {"path":"C:\\Projects\\ReactRS\\src\\components\\Flyout.tsx","statementMap":{"0":{"start":{"line":4,"column":34},"end":{"line":4,"column":null}},"1":{"start":{"line":5,"column":16},"end":{"line":5,"column":null}},"2":{"start":{"line":7,"column":2},"end":{"line":7,"column":null}},"3":{"start":{"line":7,"column":19},"end":{"line":7,"column":null}},"4":{"start":{"line":9,"column":2},"end":{"line":18,"column":null}}},"fnMap":{"0":{"name":"Flyout","decl":{"start":{"line":3,"column":24},"end":{"line":3,"column":33}},"loc":{"start":{"line":3,"column":33},"end":{"line":20,"column":null}},"line":3}},"branchMap":{"0":{"loc":{"start":{"line":7,"column":2},"end":{"line":7,"column":null}},"type":"if","locations":[{"start":{"line":7,"column":2},"end":{"line":7,"column":null}},{"start":{},"end":{}}],"line":7},"1":{"loc":{"start":{"line":12,"column":21},"end":{"line":12,"column":44}},"type":"cond-expr","locations":[{"start":{"line":12,"column":35},"end":{"line":12,"column":41}},{"start":{"line":12,"column":41},"end":{"line":12,"column":44}}],"line":12}},"s":{"0":49,"1":49,"2":49,"3":42,"4":7},"f":{"0":49},"b":{"0":[42,7],"1":[2,5]},"meta":{"lastBranch":2,"lastFunction":1,"lastStatement":5,"seen":{"f:3:24:3:33":0,"s:4:34:4:Infinity":0,"s:5:16:5:Infinity":1,"b:7:2:7:Infinity:undefined:undefined:undefined:undefined":0,"s:7:2:7:Infinity":2,"s:7:19:7:Infinity":3,"s:9:2:18:Infinity":4,"b:12:35:12:41:12:41:12:44":1}}}
,"C:\\Projects\\ReactRS\\src\\components\\Header.tsx": {"path":"C:\\Projects\\ReactRS\\src\\components\\Header.tsx","statementMap":{"0":{"start":{"line":2,"column":2},"end":{"line":5,"column":null}}},"fnMap":{"0":{"name":"Header","decl":{"start":{"line":1,"column":24},"end":{"line":1,"column":33}},"loc":{"start":{"line":1,"column":33},"end":{"line":7,"column":null}},"line":1}},"branchMap":{},"s":{"0":41},"f":{"0":41},"b":{},"meta":{"lastBranch":0,"lastFunction":1,"lastStatement":1,"seen":{"f:1:24:1:33":0,"s:2:2:5:Infinity":0}}}
,"C:\\Projects\\ReactRS\\src\\components\\Loader.tsx": {"path":"C:\\Projects\\ReactRS\\src\\components\\Loader.tsx","statementMap":{"0":{"start":{"line":2,"column":2},"end":{"line":5,"column":null}}},"fnMap":{"0":{"name":"Loader","decl":{"start":{"line":1,"column":24},"end":{"line":1,"column":33}},"loc":{"start":{"line":1,"column":33},"end":{"line":7,"column":null}},"line":1}},"branchMap":{},"s":{"0":24},"f":{"0":24},"b":{},"meta":{"lastBranch":0,"lastFunction":1,"lastStatement":1,"seen":{"f:1:24:1:33":0,"s:2:2:5:Infinity":0}}}
,"C:\\Projects\\ReactRS\\src\\components\\Pagination.tsx": {"path":"C:\\Projects\\ReactRS\\src\\components\\Pagination.tsx","statementMap":{"0":{"start":{"line":8,"column":2},"end":{"line":8,"column":null}},"1":{"start":{"line":8,"column":23},"end":{"line":8,"column":null}},"2":{"start":{"line":10,"column":2},"end":{"line":21,"column":null}},"3":{"start":{"line":12,"column":29},"end":{"line":12,"column":53}},"4":{"start":{"line":18,"column":29},"end":{"line":18,"column":53}}},"fnMap":{"0":{"name":"Pagination","decl":{"start":{"line":7,"column":24},"end":{"line":7,"column":35}},"loc":{"start":{"line":7,"column":78},"end":{"line":23,"column":null}},"line":7},"1":{"name":"(anonymous_1)","decl":{"start":{"line":12,"column":23},"end":{"line":12,"column":29}},"loc":{"start":{"line":12,"column":29},"end":{"line":12,"column":53}},"line":12},"2":{"name":"(anonymous_2)","decl":{"start":{"line":18,"column":23},"end":{"line":18,"column":29}},"loc":{"start":{"line":18,"column":29},"end":{"line":18,"column":53}},"line":18}},"branchMap":{"0":{"loc":{"start":{"line":8,"column":2},"end":{"line":8,"column":null}},"type":"if","locations":[{"start":{"line":8,"column":2},"end":{"line":8,"column":null}},{"start":{},"end":{}}],"line":8}},"s":{"0":28,"1":22,"2":6,"3":1,"4":1},"f":{"0":28,"1":1,"2":1},"b":{"0":[22,6]},"meta":{"lastBranch":1,"lastFunction":3,"lastStatement":5,"seen":{"f:7:24:7:35":0,"b:8:2:8:Infinity:undefined:undefined:undefined:undefined":0,"s:8:2:8:Infinity":0,"s:8:23:8:Infinity":1,"s:10:2:21:Infinity":2,"f:12:23:12:29":1,"s:12:29:12:53":3,"f:18:23:18:29":2,"s:18:29:18:53":4}}}
,"C:\\Projects\\ReactRS\\src\\components\\Search.tsx": {"path":"C:\\Projects\\ReactRS\\src\\components\\Search.tsx","statementMap":{"0":{"start":{"line":9,"column":34},"end":{"line":9,"column":null}},"1":{"start":{"line":11,"column":23},"end":{"line":13,"column":null}},"2":{"start":{"line":12,"column":4},"end":{"line":12,"column":null}},"3":{"start":{"line":15,"column":23},"end":{"line":17,"column":null}},"4":{"start":{"line":16,"column":4},"end":{"line":16,"column":null}},"5":{"start":{"line":19,"column":2},"end":{"line":23,"column":null}}},"fnMap":{"0":{"name":"Search","decl":{"start":{"line":8,"column":24},"end":{"line":8,"column":31}},"loc":{"start":{"line":8,"column":66},"end":{"line":25,"column":null}},"line":8},"1":{"name":"(anonymous_1)","decl":{"start":{"line":11,"column":23},"end":{"line":11,"column":24}},"loc":{"start":{"line":11,"column":61},"end":{"line":13,"column":null}},"line":11},"2":{"name":"(anonymous_2)","decl":{"start":{"line":15,"column":23},"end":{"line":15,"column":29}},"loc":{"start":{"line":15,"column":29},"end":{"line":17,"column":null}},"line":15}},"branchMap":{},"s":{"0":49,"1":49,"2":5,"3":49,"4":5,"5":49},"f":{"0":49,"1":5,"2":5},"b":{},"meta":{"lastBranch":0,"lastFunction":3,"lastStatement":6,"seen":{"f:8:24:8:31":0,"s:9:34:9:Infinity":0,"s:11:23:13:Infinity":1,"f:11:23:11:24":1,"s:12:4:12:Infinity":2,"s:15:23:17:Infinity":3,"f:15:23:15:29":2,"s:16:4:16:Infinity":4,"s:19:2:23:Infinity":5}}}
,"C:\\Projects\\ReactRS\\src\\components\\TestErrorButton.tsx": {"path":"C:\\Projects\\ReactRS\\src\\components\\TestErrorButton.tsx","statementMap":{"0":{"start":{"line":4,"column":36},"end":{"line":4,"column":null}},"1":{"start":{"line":6,"column":2},"end":{"line":8,"column":null}},"2":{"start":{"line":7,"column":4},"end":{"line":7,"column":null}},"3":{"start":{"line":10,"column":2},"end":{"line":13,"column":null}},"4":{"start":{"line":11,"column":54},"end":{"line":11,"column":76}}},"fnMap":{"0":{"name":"TestErrorButton","decl":{"start":{"line":3,"column":24},"end":{"line":3,"column":42}},"loc":{"start":{"line":3,"column":42},"end":{"line":15,"column":null}},"line":3},"1":{"name":"(anonymous_1)","decl":{"start":{"line":11,"column":48},"end":{"line":11,"column":54}},"loc":{"start":{"line":11,"column":54},"end":{"line":11,"column":76}},"line":11}},"branchMap":{"0":{"loc":{"start":{"line":6,"column":2},"end":{"line":8,"column":null}},"type":"if","locations":[{"start":{"line":6,"column":2},"end":{"line":8,"column":null}},{"start":{},"end":{}}],"line":6}},"s":{"0":46,"1":46,"2":4,"3":41,"4":1},"f":{"0":46,"1":1},"b":{"0":[4,42]},"meta":{"lastBranch":1,"lastFunction":2,"lastStatement":5,"seen":{"f:3:24:3:42":0,"s:4:36:4:Infinity":0,"b:6:2:8:Infinity:undefined:undefined:undefined:undefined":0,"s:6:2:8:Infinity":1,"s:7:4:7:Infinity":2,"s:10:2:13:Infinity":3,"f:11:48:11:54":1,"s:11:54:11:76":4}}}
,"C:\\Projects\\ReactRS\\src\\context\\ThemeContext.tsx": {"path":"C:\\Projects\\ReactRS\\src\\context\\ThemeContext.tsx","statementMap":{"0":{"start":{"line":10,"column":6},"end":{"line":13,"column":null}},"1":{"start":{"line":16,"column":24},"end":{"line":16,"column":null}},"2":{"start":{"line":18,"column":2},"end":{"line":20,"column":null}},"3":{"start":{"line":19,"column":4},"end":{"line":19,"column":null}},"4":{"start":{"line":22,"column":22},"end":{"line":22,"column":null}},"5":{"start":{"line":22,"column":28},"end":{"line":22,"column":null}},"6":{"start":{"line":22,"column":48},"end":{"line":22,"column":83}},"7":{"start":{"line":24,"column":2},"end":{"line":27,"column":null}},"8":{"start":{"line":32,"column":2},"end":{"line":32,"column":null}}},"fnMap":{"0":{"name":"(anonymous_0)","decl":{"start":{"line":12,"column":15},"end":{"line":12,"column":21}},"loc":{"start":{"line":12,"column":21},"end":{"line":12,"column":null}},"line":12},"1":{"name":"ThemeProvider","decl":{"start":{"line":15,"column":16},"end":{"line":15,"column":30}},"loc":{"start":{"line":15,"column":69},"end":{"line":29,"column":null}},"line":15},"2":{"name":"(anonymous_2)","decl":{"start":{"line":18,"column":12},"end":{"line":18,"column":18}},"loc":{"start":{"line":18,"column":18},"end":{"line":20,"column":5}},"line":18},"3":{"name":"(anonymous_3)","decl":{"start":{"line":22,"column":22},"end":{"line":22,"column":28}},"loc":{"start":{"line":22,"column":28},"end":{"line":22,"column":null}},"line":22},"4":{"name":"(anonymous_4)","decl":{"start":{"line":22,"column":37},"end":{"line":22,"column":38}},"loc":{"start":{"line":22,"column":48},"end":{"line":22,"column":83}},"line":22},"5":{"name":"useTheme","decl":{"start":{"line":31,"column":16},"end":{"line":31,"column":27}},"loc":{"start":{"line":31,"column":27},"end":{"line":33,"column":null}},"line":31}},"branchMap":{"0":{"loc":{"start":{"line":22,"column":48},"end":{"line":22,"column":83}},"type":"cond-expr","locations":[{"start":{"line":22,"column":66},"end":{"line":22,"column":76}},{"start":{"line":22,"column":76},"end":{"line":22,"column":83}}],"line":22}},"s":{"0":2,"1":9,"2":9,"3":9,"4":9,"5":4,"6":4,"7":9,"8":49},"f":{"0":0,"1":9,"2":9,"3":4,"4":4,"5":49},"b":{"0":[3,1]},"meta":{"lastBranch":1,"lastFunction":6,"lastStatement":9,"seen":{"s:10:6:13:Infinity":0,"f:12:15:12:21":0,"f:15:16:15:30":1,"s:16:24:16:Infinity":1,"s:18:2:20:Infinity":2,"f:18:12:18:18":2,"s:19:4:19:Infinity":3,"s:22:22:22:Infinity":4,"f:22:22:22:28":3,"s:22:28:22:Infinity":5,"f:22:37:22:38":4,"s:22:48:22:83":6,"b:22:66:22:76:22:76:22:83":0,"s:24:2:27:Infinity":7,"f:31:16:31:27":5,"s:32:2:32:Infinity":8}}}
,"C:\\Projects\\ReactRS\\src\\hooks\\useLocalStorage.ts": {"path":"C:\\Projects\\ReactRS\\src\\hooks\\useLocalStorage.ts","statementMap":{"0":{"start":{"line":4,"column":36},"end":{"line":12,"column":null}},"1":{"start":{"line":5,"column":17},"end":{"line":5,"column":null}},"2":{"start":{"line":6,"column":4},"end":{"line":6,"column":null}},"3":{"start":{"line":6,"column":23},"end":{"line":6,"column":null}},"4":{"start":{"line":7,"column":4},"end":{"line":11,"column":null}},"5":{"start":{"line":8,"column":6},"end":{"line":8,"column":null}},"6":{"start":{"line":10,"column":6},"end":{"line":10,"column":null}},"7":{"start":{"line":14,"column":19},"end":{"line":17,"column":null}},"8":{"start":{"line":15,"column":4},"end":{"line":15,"column":null}},"9":{"start":{"line":16,"column":4},"end":{"line":16,"column":null}},"10":{"start":{"line":19,"column":2},"end":{"line":19,"column":null}}},"fnMap":{"0":{"name":"useLocalStorage","decl":{"start":{"line":3,"column":16},"end":{"line":3,"column":35}},"loc":{"start":{"line":3,"column":65},"end":{"line":20,"column":null}},"line":3},"1":{"name":"(anonymous_1)","decl":{"start":{"line":4,"column":52},"end":{"line":4,"column":58}},"loc":{"start":{"line":4,"column":58},"end":{"line":12,"column":3}},"line":4},"2":{"name":"(anonymous_2)","decl":{"start":{"line":14,"column":19},"end":{"line":14,"column":20}},"loc":{"start":{"line":14,"column":33},"end":{"line":17,"column":null}},"line":14}},"branchMap":{"0":{"loc":{"start":{"line":6,"column":4},"end":{"line":6,"column":null}},"type":"if","locations":[{"start":{"line":6,"column":4},"end":{"line":6,"column":null}},{"start":{},"end":{}}],"line":6}},"s":{"0":40,"1":10,"2":10,"3":8,"4":2,"5":2,"6":0,"7":40,"8":3,"9":3,"10":40},"f":{"0":40,"1":10,"2":3},"b":{"0":[8,2]},"meta":{"lastBranch":1,"lastFunction":3,"lastStatement":11,"seen":{"f:3:16:3:35":0,"s:4:36:12:Infinity":0,"f:4:52:4:58":1,"s:5:17:5:Infinity":1,"b:6:4:6:Infinity:undefined:undefined:undefined:undefined":0,"s:6:4:6:Infinity":2,"s:6:23:6:Infinity":3,"s:7:4:11:Infinity":4,"s:8:6:8:Infinity":5,"s:10:6:10:Infinity":6,"s:14:19:17:Infinity":7,"f:14:19:14:20":2,"s:15:4:15:Infinity":8,"s:16:4:16:Infinity":9,"s:19:2:19:Infinity":10}}}
,"C:\\Projects\\ReactRS\\src\\services\\pokemonService.ts": {"path":"C:\\Projects\\ReactRS\\src\\services\\pokemonService.ts","statementMap":{"0":{"start":{"line":3,"column":17},"end":{"line":3,"column":null}},"1":{"start":{"line":5,"column":15},"end":{"line":8,"column":null}},"2":{"start":{"line":5,"column":57},"end":{"line":8,"column":null}},"3":{"start":{"line":7,"column":50},"end":{"line":7,"column":61}},"4":{"start":{"line":10,"column":34},"end":{"line":17,"column":null}},"5":{"start":{"line":11,"column":14},"end":{"line":11,"column":null}},"6":{"start":{"line":12,"column":2},"end":{"line":14,"column":null}},"7":{"start":{"line":13,"column":4},"end":{"line":13,"column":null}},"8":{"start":{"line":15,"column":30},"end":{"line":15,"column":null}},"9":{"start":{"line":16,"column":2},"end":{"line":16,"column":null}},"10":{"start":{"line":19,"column":32},"end":{"line":38,"column":null}},"11":{"start":{"line":23,"column":8},"end":{"line":23,"column":null}},"12":{"start":{"line":24,"column":14},"end":{"line":24,"column":null}},"13":{"start":{"line":25,"column":2},"end":{"line":27,"column":null}},"14":{"start":{"line":26,"column":4},"end":{"line":26,"column":null}},"15":{"start":{"line":28,"column":36},"end":{"line":28,"column":null}},"16":{"start":{"line":29,"column":18},"end":{"line":36,"column":null}},"17":{"start":{"line":31,"column":6},"end":{"line":34,"column":null}},"18":{"start":{"line":32,"column":8},"end":{"line":32,"column":null}},"19":{"start":{"line":32,"column":19},"end":{"line":32,"column":null}},"20":{"start":{"line":33,"column":8},"end":{"line":33,"column":null}},"21":{"start":{"line":37,"column":2},"end":{"line":37,"column":null}},"22":{"start":{"line":40,"column":34},"end":{"line":46,"column":null}},"23":{"start":{"line":41,"column":14},"end":{"line":41,"column":null}},"24":{"start":{"line":42,"column":2},"end":{"line":44,"column":null}},"25":{"start":{"line":43,"column":4},"end":{"line":43,"column":null}},"26":{"start":{"line":45,"column":2},"end":{"line":45,"column":null}}},"fnMap":{"0":{"name":"(anonymous_0)","decl":{"start":{"line":5,"column":15},"end":{"line":5,"column":16}},"loc":{"start":{"line":5,"column":57},"end":{"line":8,"column":null}},"line":5},"1":{"name":"(anonymous_1)","decl":{"start":{"line":7,"column":43},"end":{"line":7,"column":44}},"loc":{"start":{"line":7,"column":50},"end":{"line":7,"column":61}},"line":7},"2":{"name":"(anonymous_2)","decl":{"start":{"line":10,"column":34},"end":{"line":10,"column":41}},"loc":{"start":{"line":10,"column":82},"end":{"line":17,"column":null}},"line":10},"3":{"name":"(anonymous_3)","decl":{"start":{"line":19,"column":32},"end":{"line":19,"column":null}},"loc":{"start":{"line":22,"column":58},"end":{"line":38,"column":null}},"line":22},"4":{"name":"(anonymous_4)","decl":{"start":{"line":30,"column":21},"end":{"line":30,"column":22}},"loc":{"start":{"line":31,"column":6},"end":{"line":34,"column":null}},"line":31},"5":{"name":"(anonymous_5)","decl":{"start":{"line":31,"column":48},"end":{"line":31,"column":49}},"loc":{"start":{"line":31,"column":55},"end":{"line":34,"column":7}},"line":31},"6":{"name":"(anonymous_6)","decl":{"start":{"line":40,"column":34},"end":{"line":40,"column":41}},"loc":{"start":{"line":40,"column":82},"end":{"line":46,"column":null}},"line":40}},"branchMap":{"0":{"loc":{"start":{"line":12,"column":2},"end":{"line":14,"column":null}},"type":"if","locations":[{"start":{"line":12,"column":2},"end":{"line":14,"column":null}},{"start":{},"end":{}}],"line":12},"1":{"loc":{"start":{"line":20,"column":2},"end":{"line":20,"column":null}},"type":"default-arg","locations":[{"start":{"line":20,"column":17},"end":{"line":20,"column":null}}],"line":20},"2":{"loc":{"start":{"line":21,"column":2},"end":{"line":21,"column":null}},"type":"default-arg","locations":[{"start":{"line":21,"column":18},"end":{"line":21,"column":null}}],"line":21},"3":{"loc":{"start":{"line":25,"column":2},"end":{"line":27,"column":null}},"type":"if","locations":[{"start":{"line":25,"column":2},"end":{"line":27,"column":null}},{"start":{},"end":{}}],"line":25},"4":{"loc":{"start":{"line":32,"column":8},"end":{"line":32,"column":null}},"type":"if","locations":[{"start":{"line":32,"column":8},"end":{"line":32,"column":null}},{"start":{},"end":{}}],"line":32},"5":{"loc":{"start":{"line":42,"column":2},"end":{"line":44,"column":null}},"type":"if","locations":[{"start":{"line":42,"column":2},"end":{"line":44,"column":null}},{"start":{},"end":{}}],"line":42}},"s":{"0":3,"1":3,"2":3,"3":4,"4":3,"5":3,"6":3,"7":1,"8":2,"9":2,"10":3,"11":3,"12":3,"13":3,"14":1,"15":2,"16":2,"17":2,"18":2,"19":1,"20":1,"21":1,"22":3,"23":0,"24":0,"25":0,"26":0},"f":{"0":3,"1":4,"2":3,"3":3,"4":2,"5":2,"6":0},"b":{"0":[1,2],"1":[3],"2":[3],"3":[1,2],"4":[1,1],"5":[0,0]},"meta":{"lastBranch":6,"lastFunction":7,"lastStatement":27,"seen":{"s:3:17:3:Infinity":0,"s:5:15:8:Infinity":1,"f:5:15:5:16":0,"s:5:57:8:Infinity":2,"f:7:43:7:44":1,"s:7:50:7:61":3,"s:10:34:17:Infinity":4,"f:10:34:10:41":2,"s:11:14:11:Infinity":5,"b:12:2:14:Infinity:undefined:undefined:undefined:undefined":0,"s:12:2:14:Infinity":6,"s:13:4:13:Infinity":7,"s:15:30:15:Infinity":8,"s:16:2:16:Infinity":9,"s:19:32:38:Infinity":10,"f:19:32:19:Infinity":3,"b:20:17:20:Infinity":1,"b:21:18:21:Infinity":2,"s:23:8:23:Infinity":11,"s:24:14:24:Infinity":12,"b:25:2:27:Infinity:undefined:undefined:undefined:undefined":3,"s:25:2:27:Infinity":13,"s:26:4:26:Infinity":14,"s:28:36:28:Infinity":15,"s:29:18:36:Infinity":16,"f:30:21:30:22":4,"s:31:6:34:Infinity":17,"f:31:48:31:49":5,"b:32:8:32:Infinity:undefined:undefined:undefined:undefined":4,"s:32:8:32:Infinity":18,"s:32:19:32:Infinity":19,"s:33:8:33:Infinity":20,"s:37:2:37:Infinity":21,"s:40:34:46:Infinity":22,"f:40:34:40:41":6,"s:41:14:41:Infinity":23,"b:42:2:44:Infinity:undefined:undefined:undefined:undefined":5,"s:42:2:44:Infinity":24,"s:43:4:43:Infinity":25,"s:45:2:45:Infinity":26}}}
,"C:\\Projects\\ReactRS\\src\\store\\selectionStore.ts": {"path":"C:\\Projects\\ReactRS\\src\\store\\selectionStore.ts","statementMap":{"0":{"start":{"line":9,"column":13},"end":{"line":22,"column":null}},"1":{"start":{"line":9,"column":66},"end":{"line":22,"column":2}},"2":{"start":{"line":12,"column":4},"end":{"line":20,"column":null}},"3":{"start":{"line":13,"column":19},"end":{"line":13,"column":null}},"4":{"start":{"line":14,"column":6},"end":{"line":18,"column":null}},"5":{"start":{"line":15,"column":8},"end":{"line":15,"column":null}},"6":{"start":{"line":17,"column":8},"end":{"line":17,"column":null}},"7":{"start":{"line":19,"column":6},"end":{"line":19,"column":null}},"8":{"start":{"line":21,"column":18},"end":{"line":21,"column":null}}},"fnMap":{"0":{"name":"(anonymous_0)","decl":{"start":{"line":9,"column":56},"end":{"line":9,"column":57}},"loc":{"start":{"line":9,"column":66},"end":{"line":22,"column":2}},"line":9},"1":{"name":"(anonymous_1)","decl":{"start":{"line":11,"column":14},"end":{"line":11,"column":15}},"loc":{"start":{"line":12,"column":4},"end":{"line":20,"column":null}},"line":12},"2":{"name":"(anonymous_2)","decl":{"start":{"line":12,"column":8},"end":{"line":12,"column":9}},"loc":{"start":{"line":12,"column":19},"end":{"line":20,"column":5}},"line":12},"3":{"name":"(anonymous_3)","decl":{"start":{"line":21,"column":12},"end":{"line":21,"column":18}},"loc":{"start":{"line":21,"column":18},"end":{"line":21,"column":null}},"line":21}},"branchMap":{"0":{"loc":{"start":{"line":14,"column":6},"end":{"line":18,"column":null}},"type":"if","locations":[{"start":{"line":14,"column":6},"end":{"line":18,"column":null}},{"start":{"line":16,"column":13},"end":{"line":18,"column":null}}],"line":14}},"s":{"0":4,"1":4,"2":9,"3":9,"4":9,"5":2,"6":7,"7":9,"8":4},"f":{"0":4,"1":9,"2":9,"3":4},"b":{"0":[2,7]},"meta":{"lastBranch":1,"lastFunction":4,"lastStatement":9,"seen":{"s:9:13:22:Infinity":0,"f:9:56:9:57":0,"s:9:66:22:2":1,"f:11:14:11:15":1,"s:12:4:20:Infinity":2,"f:12:8:12:9":2,"s:13:19:13:Infinity":3,"b:14:6:18:Infinity:16:13:18:Infinity":0,"s:14:6:18:Infinity":4,"s:15:8:15:Infinity":5,"s:17:8:17:Infinity":6,"s:19:6:19:Infinity":7,"f:21:12:21:18":3,"s:21:18:21:Infinity":8}}}
}
